Performing C SOURCE FILE Test CMAKE_HAVE_LIBC_PTHREAD failed with the following output:
Change Dir: /data/C++_Test/cmake-build-debug/CMakeFiles/CMakeTmp

Run Build Command(s):/usr/bin/make cmTC_975df/fast && /usr/bin/make -f CMakeFiles/cmTC_975df.dir/build.make CMakeFiles/cmTC_975df.dir/build
make[1]: Entering directory '/data/C++_Test/cmake-build-debug/CMakeFiles/CMakeTmp'
Building C object CMakeFiles/cmTC_975df.dir/src.c.o
/usr/bin/cc   -DCMAKE_HAVE_LIBC_PTHREAD   -o CMakeFiles/cmTC_975df.dir/src.c.o   -c /data/C++_Test/cmake-build-debug/CMakeFiles/CMakeTmp/src.c
Linking C executable cmTC_975df
/home/alkaid/.local/share/JetBrains/Toolbox/apps/CLion/ch-0/192.7142.39/bin/cmake/linux/bin/cmake -E cmake_link_script CMakeFiles/cmTC_975df.dir/link.txt --verbose=1
/usr/bin/cc  -DCMAKE_HAVE_LIBC_PTHREAD    CMakeFiles/cmTC_975df.dir/src.c.o  -o cmTC_975df 
CMakeFiles/cmTC_975df.dir/src.c.o：在函数‘main’中：
src.c:(.text+0x2f)：对‘pthread_create’未定义的引用
src.c:(.text+0x3b)：对‘pthread_detach’未定义的引用
src.c:(.text+0x4c)：对‘pthread_join’未定义的引用
src.c:(.text+0x60)：对‘pthread_atfork’未定义的引用
collect2: error: ld returned 1 exit status
CMakeFiles/cmTC_975df.dir/build.make:86: recipe for target 'cmTC_975df' failed
make[1]: *** [cmTC_975df] Error 1
make[1]: Leaving directory '/data/C++_Test/cmake-build-debug/CMakeFiles/CMakeTmp'
Makefile:121: recipe for target 'cmTC_975df/fast' failed
make: *** [cmTC_975df/fast] Error 2


Source file was:
#include <pthread.h>

void* test_func(void* data)
{
  return data;
}

int main(void)
{
  pthread_t thread;
  pthread_create(&thread, NULL, test_func, NULL);
  pthread_detach(thread);
  pthread_join(thread, NULL);
  pthread_atfork(NULL, NULL, NULL);
  pthread_exit(NULL);

  return 0;
}

Determining if the function pthread_create exists in the pthreads failed with the following output:
Change Dir: /data/C++_Test/cmake-build-debug/CMakeFiles/CMakeTmp

Run Build Command(s):/usr/bin/make cmTC_497bc/fast && /usr/bin/make -f CMakeFiles/cmTC_497bc.dir/build.make CMakeFiles/cmTC_497bc.dir/build
make[1]: Entering directory '/data/C++_Test/cmake-build-debug/CMakeFiles/CMakeTmp'
Building C object CMakeFiles/cmTC_497bc.dir/CheckFunctionExists.c.o
/usr/bin/cc   -DCHECK_FUNCTION_EXISTS=pthread_create   -o CMakeFiles/cmTC_497bc.dir/CheckFunctionExists.c.o   -c /home/alkaid/.local/share/JetBrains/Toolbox/apps/CLion/ch-0/192.7142.39/bin/cmake/linux/share/cmake-3.15/Modules/CheckFunctionExists.c
Linking C executable cmTC_497bc
/home/alkaid/.local/share/JetBrains/Toolbox/apps/CLion/ch-0/192.7142.39/bin/cmake/linux/bin/cmake -E cmake_link_script CMakeFiles/cmTC_497bc.dir/link.txt --verbose=1
/usr/bin/cc  -DCHECK_FUNCTION_EXISTS=pthread_create    CMakeFiles/cmTC_497bc.dir/CheckFunctionExists.c.o  -o cmTC_497bc -lpthreads 
/usr/bin/ld: 找不到 -lpthreads
collect2: error: ld returned 1 exit status
CMakeFiles/cmTC_497bc.dir/build.make:86: recipe for target 'cmTC_497bc' failed
make[1]: *** [cmTC_497bc] Error 1
make[1]: Leaving directory '/data/C++_Test/cmake-build-debug/CMakeFiles/CMakeTmp'
Makefile:121: recipe for target 'cmTC_497bc/fast' failed
make: *** [cmTC_497bc/fast] Error 2



